\BOOKMARK [1][-]{section.1}{Antecedentes}{}% 1
\BOOKMARK [2][-]{subsection.1.1}{La Coste\361a}{section.1}% 2
\BOOKMARK [3][-]{subsubsection.1.1.1}{Misi\363n}{subsection.1.1}% 3
\BOOKMARK [3][-]{subsubsection.1.1.2}{Visi\363n}{subsection.1.1}% 4
\BOOKMARK [3][-]{subsubsection.1.1.3}{Historia}{subsection.1.1}% 5
\BOOKMARK [3][-]{subsubsection.1.1.4}{Productos}{subsection.1.1}% 6
\BOOKMARK [2][-]{subsection.1.2}{Localizaci\363n de los puntos de enrutamiento}{section.1}% 7
\BOOKMARK [3][-]{subsubsection.1.2.1}{Corporativo}{subsection.1.2}% 8
\BOOKMARK [3][-]{subsubsection.1.2.2}{Ubicaci\363n y niveles por ocupar en el edificio}{subsection.1.2}% 9
\BOOKMARK [3][-]{subsubsection.1.2.3}{Detalle arquitect\363nico}{subsection.1.2}% 10
\BOOKMARK [3][-]{subsubsection.1.2.4}{Centro de datos}{subsection.1.2}% 11
\BOOKMARK [3][-]{subsubsection.1.2.5}{Ubicaci\363n y niveles por ocupar en el centro de datos}{subsection.1.2}% 12
\BOOKMARK [3][-]{subsubsection.1.2.6}{Organigrama corporativo La Coste\361a}{subsection.1.2}% 13
\BOOKMARK [2][-]{subsection.1.3}{Ruta Corporativo - Centro de datos }{section.1}% 14
\BOOKMARK [3][-]{subsubsection.1.3.1}{Ruta principal y alternativa}{subsection.1.3}% 15
\BOOKMARK [2][-]{subsection.1.4}{Ruta ISP - Centro de datos}{section.1}% 16
\BOOKMARK [3][-]{subsubsection.1.4.1}{Ruta principal y alternativa}{subsection.1.4}% 17
\BOOKMARK [2][-]{subsection.1.5}{Nodos de sucursales}{section.1}% 18
\BOOKMARK [2][-]{subsection.1.6}{Conectividad enlace ATM}{section.1}% 19
\BOOKMARK [2][-]{subsection.1.7}{Arquitectura de red \(Intra-ATM\)}{section.1}% 20
\BOOKMARK [2][-]{subsection.1.8}{Caracter\355sticas Front End}{section.1}% 21
\BOOKMARK [3][-]{subsubsection.1.8.1}{Caracter\355sticas t\351cnicas}{subsection.1.8}% 22
\BOOKMARK [1][-]{section.2}{Planeaci\363n}{}% 23
\BOOKMARK [2][-]{subsection.2.1}{Medios telem\341ticos}{section.2}% 24
\BOOKMARK [3][-]{subsubsection.2.1.1}{Correo electr\363nico}{subsection.2.1}% 25
\BOOKMARK [3][-]{subsubsection.2.1.2}{Video conferencias}{subsection.2.1}% 26
\BOOKMARK [3][-]{subsubsection.2.1.3}{Voice over IP}{subsection.2.1}% 27
\BOOKMARK [3][-]{subsubsection.2.1.4}{Web empresarial}{subsection.2.1}% 28
\BOOKMARK [3][-]{subsubsection.2.1.5}{FTP}{subsection.2.1}% 29
\BOOKMARK [3][-]{subsubsection.2.1.6}{Base de datos}{subsection.2.1}% 30
\BOOKMARK [2][-]{subsection.2.2}{Protocolos y codec VoIP}{section.2}% 31
\BOOKMARK [3][-]{subsubsection.2.2.1}{Protocolo IP}{subsection.2.2}% 32
\BOOKMARK [3][-]{subsubsection.2.2.2}{Protocolo UDP}{subsection.2.2}% 33
\BOOKMARK [3][-]{subsubsection.2.2.3}{Protocolo TCP/IP}{subsection.2.2}% 34
\BOOKMARK [3][-]{subsubsection.2.2.4}{RTCP}{subsection.2.2}% 35
\BOOKMARK [3][-]{subsubsection.2.2.5}{PPP}{subsection.2.2}% 36
\BOOKMARK [3][-]{subsubsection.2.2.6}{VAD}{subsection.2.2}% 37
\BOOKMARK [3][-]{subsubsection.2.2.7}{Caracter\355sticas de ATM: MPLS}{subsection.2.2}% 38
\BOOKMARK [2][-]{subsection.2.3}{Servicios Schedule VF}{section.2}% 39
\BOOKMARK [2][-]{subsection.2.4}{Resumen de resultados para el ancho de banda}{section.2}% 40
\BOOKMARK [2][-]{subsection.2.5}{Tributarios}{section.2}% 41
\BOOKMARK [3][-]{subsubsection.2.5.1}{PDH}{subsection.2.5}% 42
\BOOKMARK [3][-]{subsubsection.2.5.2}{Jerarqu\355a digital plesi\363crona}{subsection.2.5}% 43
\BOOKMARK [3][-]{subsubsection.2.5.3}{Divisi\363n de tributarios}{subsection.2.5}% 44
\BOOKMARK [1][-]{section.3}{Requerimientos Ecomerce}{}% 45
\BOOKMARK [1][-]{section.4}{C\341lculo de enlace}{}% 46
\BOOKMARK [2][-]{subsection.4.1}{SDH}{section.4}% 47
\BOOKMARK [3][-]{subsubsection.4.1.1}{Funcionamiento b\341sico de la jerarqu\355a digital s\355ncrona}{subsection.4.1}% 48
\BOOKMARK [3][-]{subsubsection.4.1.2}{Los componentes SDH de las distintas capas}{subsection.4.1}% 49
\BOOKMARK [3][-]{subsubsection.4.1.3}{Multiplexado y redundancia}{subsection.4.1}% 50
\BOOKMARK [2][-]{subsection.4.2}{Rutas principales}{section.4}% 51
\BOOKMARK [3][-]{subsubsection.4.2.1}{Ruta principal y alternativa Corporativo - Centro de datos }{subsection.4.2}% 52
\BOOKMARK [3][-]{subsubsection.4.2.2}{Ruta principal y alternativa ISP - Centro de datos}{subsection.4.2}% 53
\BOOKMARK [2][-]{subsection.4.3}{Equipos}{section.4}% 54
\BOOKMARK [3][-]{subsubsection.4.3.1}{Gateway}{subsection.4.3}% 55
\BOOKMARK [3][-]{subsubsection.4.3.2}{CWDM}{subsection.4.3}% 56
\BOOKMARK [3][-]{subsubsection.4.3.3}{Gestor de servidor}{subsection.4.3}% 57
\BOOKMARK [3][-]{subsubsection.4.3.4}{Cable Ethernet para intranet}{subsection.4.3}% 58
\BOOKMARK [3][-]{subsubsection.4.3.5}{Switch}{subsection.4.3}% 59
\BOOKMARK [3][-]{subsubsection.4.3.6}{SAN}{subsection.4.3}% 60
\BOOKMARK [2][-]{subsection.4.4}{Ruta superficial, subsuelo o aerea}{section.4}% 61
\BOOKMARK [2][-]{subsection.4.5}{Normatividad}{section.4}% 62
\BOOKMARK [3][-]{subsubsection.4.5.1}{Tendido aereo}{subsection.4.5}% 63
\BOOKMARK [3][-]{subsubsection.4.5.2}{Tendido subterraneo}{subsection.4.5}% 64
\BOOKMARK [2][-]{subsection.4.6}{Ducteria}{section.4}% 65
\BOOKMARK [2][-]{subsection.4.7}{Fibras}{section.4}% 66
\BOOKMARK [2][-]{subsection.4.8}{ADM, conectores, empalmes}{section.4}% 67
\BOOKMARK [2][-]{subsection.4.9}{C\341lculo enlace}{section.4}% 68
\BOOKMARK [2][-]{subsection.4.10}{Conclusi\363n}{section.4}% 69
\BOOKMARK [1][-]{section.5}{Anexos}{}% 70
\BOOKMARK [2][-]{subsection.5.1}{Poligonal}{section.5}% 71
\BOOKMARK [3][-]{subsubsection.5.1.1}{Coordenadas}{subsection.5.1}% 72
\BOOKMARK [2][-]{subsection.5.2}{C\341lculos}{section.5}% 73
\BOOKMARK [3][-]{subsubsection.5.2.1}{M\351todo para el c\341lculo del ancho de banda para VoIP}{subsection.5.2}% 74
\BOOKMARK [3][-]{subsubsection.5.2.2}{M\351todo para el c\341lculo del ancho de banda para e-mail}{subsection.5.2}% 75
\BOOKMARK [3][-]{subsubsection.5.2.3}{M\351todo para el c\341lculo del ancho de banda para chat}{subsection.5.2}% 76
\BOOKMARK [3][-]{subsubsection.5.2.4}{M\351todo para el c\341lculo del ancho de la web empresarial}{subsection.5.2}% 77
\BOOKMARK [3][-]{subsubsection.5.2.5}{M\351todo para el c\341lculo del ancho de banda para video conferencia}{subsection.5.2}% 78
\BOOKMARK [3][-]{subsubsection.5.2.6}{Suma total del ancho de banda de los servicios telematicos}{subsection.5.2}% 79
