\BOOKMARK [1][-]{section.1}{Poligonal}{}% 1
\BOOKMARK [2][-]{subsection.1.1}{Coordenadas}{section.1}% 2
\BOOKMARK [1][-]{section.2}{Perfil de elevaci\363n }{}% 3
\BOOKMARK [1][-]{section.3}{Ruta}{}% 4
\BOOKMARK [2][-]{subsection.3.1}{Ruta principal y alternativa}{section.3}% 5
\BOOKMARK [2][-]{subsection.3.2}{Salida de corporativo}{section.3}% 6
\BOOKMARK [2][-]{subsection.3.3}{Puntos cr\355ticos: Ruta principal}{section.3}% 7
\BOOKMARK [3][-]{subsubsection.3.3.1}{Primer tramo}{subsection.3.3}% 8
\BOOKMARK [3][-]{subsubsection.3.3.2}{Segundo tramo}{subsection.3.3}% 9
\BOOKMARK [3][-]{subsubsection.3.3.3}{Tercer tramo}{subsection.3.3}% 10
\BOOKMARK [2][-]{subsection.3.4}{Estimaci\363n}{section.3}% 11
\BOOKMARK [3][-]{subsubsection.3.4.1}{Ruta principal}{subsection.3.4}% 12
\BOOKMARK [3][-]{subsubsection.3.4.2}{Ruta secundaria}{subsection.3.4}% 13
\BOOKMARK [1][-]{section.4}{Ductos}{}% 14
\BOOKMARK [2][-]{subsection.4.1}{Antecedente}{section.4}% 15
\BOOKMARK [3][-]{subsubsection.4.1.1}{Tendido subterr\341neo}{subsection.4.1}% 16
\BOOKMARK [3][-]{subsubsection.4.1.2}{Tendido a\351reo}{subsection.4.1}% 17
\BOOKMARK [2][-]{subsection.4.2}{Ductos para ruta}{section.4}% 18
\BOOKMARK [3][-]{subsubsection.4.2.1}{Material para ruta subterr\341nea e interiores}{subsection.4.2}% 19
\BOOKMARK [3][-]{subsubsection.4.2.2}{Material para ruta a\351rea}{subsection.4.2}% 20
\BOOKMARK [1][-]{section.5}{Fibras}{}% 21
\BOOKMARK [1][-]{section.6}{Arquitectura}{}% 22
\BOOKMARK [1][-]{section.7}{E-commerce}{}% 23
